[32m2024-04-02 19:39:40 +0000[0m - dagster - [34mDEBUG[0m - __ASSET_JOB - 339a4209-620a-4456-a9c3-7f78b23bdb98 - 1019800 - LOGS_CAPTURED - Started capturing logs in process (pid: 1019800).
[32m2024-04-02 19:39:40 +0000[0m - dagster - [34mDEBUG[0m - __ASSET_JOB - 339a4209-620a-4456-a9c3-7f78b23bdb98 - 1019800 - player_stats - STEP_START - Started execution of step "player_stats".
[32m2024-04-02 19:39:40 +0000[0m - dagster - [34mERROR[0m - [31m__ASSET_JOB - 339a4209-620a-4456-a9c3-7f78b23bdb98 - 1019800 - player_stats - STEP_FAILURE - Execution of step "player_stats" failed.

dagster._core.errors.DagsterExecutionStepExecutionError: Error occurred while executing op "player_stats"::

TypeError: 'list' object is not callable

Stack Trace:
  File "/home/gbemike/Documents/github/nba_pipeline/.venv/lib/python3.11/site-packages/dagster/_core/execution/plan/utils.py", line 54, in op_execution_error_boundary
    yield
  File "/home/gbemike/Documents/github/nba_pipeline/.venv/lib/python3.11/site-packages/dagster/_utils/__init__.py", line 463, in iterate_with_context
    next_output = next(iterator)
                  ^^^^^^^^^^^^^^
  File "/home/gbemike/Documents/github/nba_pipeline/.venv/lib/python3.11/site-packages/dagster/_core/execution/plan/compute_generator.py", line 131, in _coerce_op_compute_fn_to_iterator
    result = invoke_compute_fn(
             ^^^^^^^^^^^^^^^^^^
  File "/home/gbemike/Documents/github/nba_pipeline/.venv/lib/python3.11/site-packages/dagster/_core/execution/plan/compute_generator.py", line 125, in invoke_compute_fn
    return fn(context, **args_to_pass) if context_arg_provided else fn(**args_to_pass)
           ^^^^^^^^^^^^^^^^^^^^^^^^^^^
  File "/home/gbemike/Documents/github/nba_pipeline/nba_pipeline_dagster/nba_pipeline_dagster/assets.py", line 170, in player_stats
    headshots = [['austin-reaves']('https://ak-static.cms.nba.com/wp-content/uploads/headshots/nba/latest/260x190/1630559.png')]
                 ^^^^^^^^^^^^^^^^^^^^^^^^^^^^^^^^^^^^^^^^^^^^^^^^^^^^^^^^^^^^^^^^^^^^^^^^^^^^^^^^^^^^^^^^^^^^^^^^^^^^^^^^^^^^^^
[0m
