Running with dbt=1.7.10
Registered adapter: bigquery=1.7.6
[[33mWARNING[0m]: Configuration paths exist in your dbt_project.yml file which do not apply to any resources.
There are 1 unused configuration paths:
- models.nba_pipeline.example
Found 5 models, 4 sources, 0 exposures, 0 metrics, 591 macros, 0 groups, 0 semantic models

Concurrency: 2 threads (target='dev')

1 of 5 START sql view model nba_data.stg_player_bio ............................ [RUN]
2 of 5 START sql view model nba_data.stg_player_names .......................... [RUN]
2 of 5 OK created sql view model nba_data.stg_player_names ..................... [[32mCREATE VIEW (0 processed)[0m in 4.61s]
3 of 5 START sql view model nba_data.stg_player_roles .......................... [RUN]
BigQuery adapter: https://console.cloud.google.com/bigquery?project=dezoomcamp-411023&j=bq:US:c50a8f58-8c5c-4f61-8a3f-02d96a60c781&page=queryresults
1 of 5 ERROR creating sql view model nba_data.stg_player_bio ................... [[31mERROR[0m in 6.02s]
4 of 5 START sql view model nba_data.stg_player_stats .......................... [RUN]
3 of 5 OK created sql view model nba_data.stg_player_roles ..................... [[32mCREATE VIEW (0 processed)[0m in 3.50s]
BigQuery adapter: https://console.cloud.google.com/bigquery?project=dezoomcamp-411023&j=bq:US:3f9ded63-7502-4743-9621-b90e48390157&page=queryresults
4 of 5 ERROR creating sql view model nba_data.stg_player_stats ................. [[31mERROR[0m in 2.31s]
5 of 5 SKIP relation nba_data.scouting_report_table ............................ [[33mSKIP[0m]

Finished running 4 view models, 1 table model in 0 hours 0 minutes and 12.35 seconds (12.35s).

[31mCompleted with 2 errors and 0 warnings:[0m

  Database Error in model stg_player_bio (models/staging/stg_player_bio.sql)
  No matching signature for function SPLIT for argument types: STRING, STRING, INT64. Supported signatures: SPLIT(STRING, [STRING]); SPLIT(BYTES, BYTES) at [20:11]
  compiled Code at target/nba_pipeline_dbt_assets-bea8705-fae8158/run/nba_pipeline/models/staging/stg_player_bio.sql

  Database Error in model stg_player_stats (models/staging/stg_player_stats.sql)
  Syntax error: Missing whitespace between literal and alias at [36:16]
  compiled Code at target/nba_pipeline_dbt_assets-bea8705-fae8158/run/nba_pipeline/models/staging/stg_player_stats.sql

Done. PASS=2 WARN=0 ERROR=2 SKIP=1 TOTAL=5
