[32m2024-03-23 21:27:00 +0000[0m - dagster - [34mDEBUG[0m - __ASSET_JOB - 4536ea11-3390-4fee-9dd6-25ecd0427307 - 1270812 - LOGS_CAPTURED - Started capturing logs in process (pid: 1270812).
[32m2024-03-23 21:27:00 +0000[0m - dagster - [34mDEBUG[0m - __ASSET_JOB - 4536ea11-3390-4fee-9dd6-25ecd0427307 - 1270812 - nba_pipeline_dbt_assets - STEP_START - Started execution of step "nba_pipeline_dbt_assets".
[32m2024-03-23 21:27:00 +0000[0m - dagster - [34mINFO[0m - __ASSET_JOB - 4536ea11-3390-4fee-9dd6-25ecd0427307 - nba_pipeline_dbt_assets - A dbt subsetted execution is being performed. Overriding default dbt selection arguments `['--select', 'fqn:*']` with arguments: `['--select', 'fqn:nba_pipeline.staging.stg_player_bio']`
[32m2024-03-23 21:27:00 +0000[0m - dagster - [34mINFO[0m - __ASSET_JOB - 4536ea11-3390-4fee-9dd6-25ecd0427307 - nba_pipeline_dbt_assets - Copying `/home/gbemike/Documents/github/nba_pipeline/target/partial_parse.msgpack` to `/home/gbemike/Documents/github/nba_pipeline/target/nba_pipeline_dbt_assets-4536ea1-f5e0d06/partial_parse.msgpack` to take advantage of partial parsing.
[32m2024-03-23 21:27:00 +0000[0m - dagster - [34mINFO[0m - __ASSET_JOB - 4536ea11-3390-4fee-9dd6-25ecd0427307 - nba_pipeline_dbt_assets - Running dbt command: `dbt build --select fqn:nba_pipeline.staging.stg_player_bio`.
[32m2024-03-23 21:27:19 +0000[0m - dagster - [34mINFO[0m - __ASSET_JOB - 4536ea11-3390-4fee-9dd6-25ecd0427307 - nba_pipeline_dbt_assets - Finished dbt command: `dbt build --select fqn:nba_pipeline.staging.stg_player_bio`.
[32m2024-03-23 21:27:19 +0000[0m - dagster - [34mERROR[0m - [31m__ASSET_JOB - 4536ea11-3390-4fee-9dd6-25ecd0427307 - 1270812 - nba_pipeline_dbt_assets - STEP_FAILURE - Execution of step "nba_pipeline_dbt_assets" failed.

dagster_dbt.errors.DagsterDbtCliRuntimeError: The dbt CLI process with command `dbt build --select fqn:nba_pipeline.staging.stg_player_bio` failed with exit code 1. Check the stdout in the Dagster compute logs for the full information about the error, or view the dbt debug log: /home/gbemike/Documents/github/nba_pipeline/target/nba_pipeline_dbt_assets-4536ea1-f5e0d06/dbt.log.

Errors parsed from dbt logs:
BigQuery adapter: https://console.cloud.google.com/bigquery?project=dezoomcamp-411023&j=bq:US:ea558b6b-fd51-4e5e-a824-a8c31e7d6c77&page=queryresults
1 of 1 ERROR creating sql view model nba_data.stg_player_bio ................... [[31mERROR[0m in 5.52s]
  Database Error in model stg_player_bio (models/staging/stg_player_bio.sql)
  Syntax error: Expected ")" but got keyword WITH at [21:5]
  compiled Code at target/nba_pipeline_dbt_assets-4536ea1-f5e0d06/run/nba_pipeline/models/staging/stg_player_bio.sql

Stack Trace:
  File "/home/gbemike/Documents/github/nba_pipeline/.venv/lib/python3.11/site-packages/dagster/_core/execution/plan/execute_plan.py", line 286, in dagster_event_sequence_for_step
    for step_event in check.generator(step_events):
  File "/home/gbemike/Documents/github/nba_pipeline/.venv/lib/python3.11/site-packages/dagster/_core/execution/plan/execute_step.py", line 529, in core_dagster_event_sequence_for_step
    for user_event in _step_output_error_checked_user_event_sequence(
  File "/home/gbemike/Documents/github/nba_pipeline/.venv/lib/python3.11/site-packages/dagster/_core/execution/plan/execute_step.py", line 202, in _step_output_error_checked_user_event_sequence
    for user_event in user_event_sequence:
  File "/home/gbemike/Documents/github/nba_pipeline/.venv/lib/python3.11/site-packages/dagster/_core/execution/plan/execute_step.py", line 100, in _process_asset_results_to_events
    for user_event in user_event_sequence:
  File "/home/gbemike/Documents/github/nba_pipeline/.venv/lib/python3.11/site-packages/dagster/_core/execution/plan/compute.py", line 214, in execute_core_compute
    for step_output in _yield_compute_results(step_context, inputs, compute_fn, compute_context):
  File "/home/gbemike/Documents/github/nba_pipeline/.venv/lib/python3.11/site-packages/dagster/_core/execution/plan/compute.py", line 183, in _yield_compute_results
    for event in iterate_with_context(
  File "/home/gbemike/Documents/github/nba_pipeline/.venv/lib/python3.11/site-packages/dagster/_utils/__init__.py", line 463, in iterate_with_context
    next_output = next(iterator)
                  ^^^^^^^^^^^^^^
  File "/home/gbemike/Documents/github/nba_pipeline/nba_pipeline_dagster/nba_pipeline_dagster/assets.py", line 21, in nba_pipeline_dbt_assets
    yield from dbt.cli(["build"], context=context).stream()
  File "/home/gbemike/Documents/github/nba_pipeline/.venv/lib/python3.11/site-packages/dagster_dbt/core/resources_v2.py", line 452, in stream
    for event in self.stream_raw_events():
  File "/home/gbemike/Documents/github/nba_pipeline/.venv/lib/python3.11/site-packages/dagster_dbt/core/resources_v2.py", line 515, in stream_raw_events
    self._raise_on_error()
  File "/home/gbemike/Documents/github/nba_pipeline/.venv/lib/python3.11/site-packages/dagster_dbt/core/resources_v2.py", line 601, in _raise_on_error
    raise DagsterDbtCliRuntimeError(
[0m
