Running with dbt=1.7.10
Registered adapter: bigquery=1.7.6
[[33mWARNING[0m]: Configuration paths exist in your dbt_project.yml file which do not apply to any resources.
There are 1 unused configuration paths:
- models.nba_pipeline.example
Found 5 models, 4 sources, 0 exposures, 0 metrics, 591 macros, 0 groups, 0 semantic models

Concurrency: 2 threads (target='dev')

1 of 5 START sql table model nba_data.stg_player_bio ........................... [RUN]
2 of 5 START sql view model nba_data.stg_player_names .......................... [RUN]
2 of 5 OK created sql view model nba_data.stg_player_names ..................... [[32mCREATE VIEW (0 processed)[0m in 3.26s]
3 of 5 START sql view model nba_data.stg_player_roles .......................... [RUN]
1 of 5 OK created sql table model nba_data.stg_player_bio ...................... [[32mCREATE TABLE (1.0 rows, 57.0 Bytes processed)[0m in 7.15s]
4 of 5 START sql view model nba_data.stg_player_stats .......................... [RUN]
3 of 5 OK created sql view model nba_data.stg_player_roles ..................... [[32mCREATE VIEW (0 processed)[0m in 4.20s]
BigQuery adapter: https://console.cloud.google.com/bigquery?project=dezoomcamp-411023&j=bq:US:33a3edcc-b962-4d59-983c-bf24a7ac6e3b&page=queryresults
4 of 5 ERROR creating sql view model nba_data.stg_player_stats ................. [[31mERROR[0m in 5.11s]
5 of 5 SKIP relation nba_data.scouting_report_table ............................ [[33mSKIP[0m]

Finished running 3 view models, 2 table models in 0 hours 0 minutes and 16.87 seconds (16.87s).

[31mCompleted with 1 error and 0 warnings:[0m

  Database Error in model stg_player_stats (models/staging/stg_player_stats.sql)
  Unrecognized name: three_par_value at [23:19]
  compiled Code at target/nba_pipeline_dbt_assets-3079443-3ffb893/run/nba_pipeline/models/staging/stg_player_stats.sql

Done. PASS=3 WARN=0 ERROR=1 SKIP=1 TOTAL=5
