[32m2024-03-27 23:10:06 +0000[0m - dagster - [34mDEBUG[0m - __ASSET_JOB - ab5401f1-6c68-4d49-b0dd-3733e74769d5 - 752911 - LOGS_CAPTURED - Started capturing logs in process (pid: 752911).
[32m2024-03-27 23:10:06 +0000[0m - dagster - [34mDEBUG[0m - __ASSET_JOB - ab5401f1-6c68-4d49-b0dd-3733e74769d5 - 752911 - nba_pipeline_dbt_assets - STEP_START - Started execution of step "nba_pipeline_dbt_assets".
[32m2024-03-27 23:10:06 +0000[0m - dagster - [34mINFO[0m - __ASSET_JOB - ab5401f1-6c68-4d49-b0dd-3733e74769d5 - nba_pipeline_dbt_assets - A dbt subsetted execution is being performed. Overriding default dbt selection arguments `['--select', 'fqn:*']` with arguments: `['--select', 'fqn:nba_pipeline.core.scouting_report_table']`
[32m2024-03-27 23:10:06 +0000[0m - dagster - [34mINFO[0m - __ASSET_JOB - ab5401f1-6c68-4d49-b0dd-3733e74769d5 - nba_pipeline_dbt_assets - Copying `/home/gbemike/Documents/github/nba_pipeline/target/partial_parse.msgpack` to `/home/gbemike/Documents/github/nba_pipeline/target/nba_pipeline_dbt_assets-ab5401f-63cf4f1/partial_parse.msgpack` to take advantage of partial parsing.
[32m2024-03-27 23:10:06 +0000[0m - dagster - [34mINFO[0m - __ASSET_JOB - ab5401f1-6c68-4d49-b0dd-3733e74769d5 - nba_pipeline_dbt_assets - Running dbt command: `dbt build --select fqn:nba_pipeline.core.scouting_report_table`.
[32m2024-03-27 23:10:20 +0000[0m - dagster - [34mINFO[0m - __ASSET_JOB - ab5401f1-6c68-4d49-b0dd-3733e74769d5 - nba_pipeline_dbt_assets - Finished dbt command: `dbt build --select fqn:nba_pipeline.core.scouting_report_table`.
[32m2024-03-27 23:10:20 +0000[0m - dagster - [34mERROR[0m - [31m__ASSET_JOB - ab5401f1-6c68-4d49-b0dd-3733e74769d5 - 752911 - nba_pipeline_dbt_assets - STEP_FAILURE - Execution of step "nba_pipeline_dbt_assets" failed.

dagster_dbt.errors.DagsterDbtCliRuntimeError: The dbt CLI process with command `dbt build --select fqn:nba_pipeline.core.scouting_report_table` failed with exit code 1. Check the stdout in the Dagster compute logs for the full information about the error, or view the dbt debug log: /home/gbemike/Documents/github/nba_pipeline/target/nba_pipeline_dbt_assets-ab5401f-63cf4f1/dbt.log.

Errors parsed from dbt logs:
BigQuery adapter: https://console.cloud.google.com/bigquery?project=dezoomcamp-411023&j=bq:US:9ce3260a-c72a-4692-9621-01955dad2a46&page=queryresults
1 of 1 ERROR creating sql table model nba_data.scouting_report_table ........... [[31mERROR[0m in 6.44s]
  Database Error in model scouting_report_table (models/core/scouting_report_table.sql)
  Unrecognized name: player_names; Did you mean player_name? at [36:9]
  compiled Code at target/nba_pipeline_dbt_assets-ab5401f-63cf4f1/run/nba_pipeline/models/core/scouting_report_table.sql

Stack Trace:
  File "/home/gbemike/Documents/github/nba_pipeline/.venv/lib/python3.11/site-packages/dagster/_core/execution/plan/execute_plan.py", line 286, in dagster_event_sequence_for_step
    for step_event in check.generator(step_events):
  File "/home/gbemike/Documents/github/nba_pipeline/.venv/lib/python3.11/site-packages/dagster/_core/execution/plan/execute_step.py", line 529, in core_dagster_event_sequence_for_step
    for user_event in _step_output_error_checked_user_event_sequence(
  File "/home/gbemike/Documents/github/nba_pipeline/.venv/lib/python3.11/site-packages/dagster/_core/execution/plan/execute_step.py", line 202, in _step_output_error_checked_user_event_sequence
    for user_event in user_event_sequence:
  File "/home/gbemike/Documents/github/nba_pipeline/.venv/lib/python3.11/site-packages/dagster/_core/execution/plan/execute_step.py", line 100, in _process_asset_results_to_events
    for user_event in user_event_sequence:
  File "/home/gbemike/Documents/github/nba_pipeline/.venv/lib/python3.11/site-packages/dagster/_core/execution/plan/compute.py", line 214, in execute_core_compute
    for step_output in _yield_compute_results(step_context, inputs, compute_fn, compute_context):
  File "/home/gbemike/Documents/github/nba_pipeline/.venv/lib/python3.11/site-packages/dagster/_core/execution/plan/compute.py", line 183, in _yield_compute_results
    for event in iterate_with_context(
  File "/home/gbemike/Documents/github/nba_pipeline/.venv/lib/python3.11/site-packages/dagster/_utils/__init__.py", line 463, in iterate_with_context
    next_output = next(iterator)
                  ^^^^^^^^^^^^^^
  File "/home/gbemike/Documents/github/nba_pipeline/nba_pipeline_dagster/nba_pipeline_dagster/assets.py", line 21, in nba_pipeline_dbt_assets
    yield from dbt.cli(["build"], context=context).stream()
  File "/home/gbemike/Documents/github/nba_pipeline/.venv/lib/python3.11/site-packages/dagster_dbt/core/resources_v2.py", line 452, in stream
    for event in self.stream_raw_events():
  File "/home/gbemike/Documents/github/nba_pipeline/.venv/lib/python3.11/site-packages/dagster_dbt/core/resources_v2.py", line 515, in stream_raw_events
    self._raise_on_error()
  File "/home/gbemike/Documents/github/nba_pipeline/.venv/lib/python3.11/site-packages/dagster_dbt/core/resources_v2.py", line 601, in _raise_on_error
    raise DagsterDbtCliRuntimeError(
[0m
