[32m2024-04-03 22:49:03 +0000[0m - dagster - [34mDEBUG[0m - __ASSET_JOB - a5abe3b7-11af-452a-b38d-9bb7c108fe79 - 1430361 - LOGS_CAPTURED - Started capturing logs in process (pid: 1430361).
[32m2024-04-03 22:49:03 +0000[0m - dagster - [34mDEBUG[0m - __ASSET_JOB - a5abe3b7-11af-452a-b38d-9bb7c108fe79 - 1430361 - nba_pipeline_dbt_assets - STEP_START - Started execution of step "nba_pipeline_dbt_assets".
[32m2024-04-03 22:49:03 +0000[0m - dagster - [34mINFO[0m - __ASSET_JOB - a5abe3b7-11af-452a-b38d-9bb7c108fe79 - nba_pipeline_dbt_assets - A dbt subsetted execution is being performed. Overriding default dbt selection arguments `['--select', 'fqn:*']` with arguments: `['--select', 'fqn:nba_pipeline.staging.stg_player_roles']`
[32m2024-04-03 22:49:03 +0000[0m - dagster - [34mINFO[0m - __ASSET_JOB - a5abe3b7-11af-452a-b38d-9bb7c108fe79 - nba_pipeline_dbt_assets - Copying `/home/gbemike/Documents/github/nba_pipeline/target/partial_parse.msgpack` to `/home/gbemike/Documents/github/nba_pipeline/target/nba_pipeline_dbt_assets-a5abe3b-d9e5621/partial_parse.msgpack` to take advantage of partial parsing.
[32m2024-04-03 22:49:03 +0000[0m - dagster - [34mINFO[0m - __ASSET_JOB - a5abe3b7-11af-452a-b38d-9bb7c108fe79 - nba_pipeline_dbt_assets - Running dbt command: `dbt build --select fqn:nba_pipeline.staging.stg_player_roles`.
[32m2024-04-03 22:49:10 +0000[0m - dagster - [34mINFO[0m - __ASSET_JOB - a5abe3b7-11af-452a-b38d-9bb7c108fe79 - nba_pipeline_dbt_assets - Finished dbt command: `dbt build --select fqn:nba_pipeline.staging.stg_player_roles`.
[32m2024-04-03 22:49:10 +0000[0m - dagster - [34mERROR[0m - [31m__ASSET_JOB - a5abe3b7-11af-452a-b38d-9bb7c108fe79 - 1430361 - nba_pipeline_dbt_assets - STEP_FAILURE - Execution of step "nba_pipeline_dbt_assets" failed.

dagster_dbt.errors.DagsterDbtCliRuntimeError: The dbt CLI process with command `dbt build --select fqn:nba_pipeline.staging.stg_player_roles` failed with exit code 1. Check the stdout in the Dagster compute logs for the full information about the error, or view the dbt debug log: /home/gbemike/Documents/github/nba_pipeline/target/nba_pipeline_dbt_assets-a5abe3b-d9e5621/dbt.log.

Errors parsed from dbt logs:
1 of 2 ERROR creating sql view model nba_data.stg_player_roles ................. [[31mERROR[0m in 1.63s]
  Runtime Error in model stg_player_roles (models/staging/stg_player_roles.sql)
  404 Not found: Table dezoomcamp-411023:nba_data.player_roles was not found in location US; reason: notFound, message: Not found: Table dezoomcamp-411023:nba_data.player_roles was not found in location US
  
  Location: US
  Job ID: 2e8245b6-a76c-443c-9593-dd0834f1bc8e
  

Stack Trace:
  File "/home/gbemike/Documents/github/nba_pipeline/.venv/lib/python3.11/site-packages/dagster/_core/execution/plan/execute_plan.py", line 286, in dagster_event_sequence_for_step
    for step_event in check.generator(step_events):
  File "/home/gbemike/Documents/github/nba_pipeline/.venv/lib/python3.11/site-packages/dagster/_core/execution/plan/execute_step.py", line 529, in core_dagster_event_sequence_for_step
    for user_event in _step_output_error_checked_user_event_sequence(
  File "/home/gbemike/Documents/github/nba_pipeline/.venv/lib/python3.11/site-packages/dagster/_core/execution/plan/execute_step.py", line 202, in _step_output_error_checked_user_event_sequence
    for user_event in user_event_sequence:
  File "/home/gbemike/Documents/github/nba_pipeline/.venv/lib/python3.11/site-packages/dagster/_core/execution/plan/execute_step.py", line 100, in _process_asset_results_to_events
    for user_event in user_event_sequence:
  File "/home/gbemike/Documents/github/nba_pipeline/.venv/lib/python3.11/site-packages/dagster/_core/execution/plan/compute.py", line 214, in execute_core_compute
    for step_output in _yield_compute_results(step_context, inputs, compute_fn, compute_context):
  File "/home/gbemike/Documents/github/nba_pipeline/.venv/lib/python3.11/site-packages/dagster/_core/execution/plan/compute.py", line 183, in _yield_compute_results
    for event in iterate_with_context(
  File "/home/gbemike/Documents/github/nba_pipeline/.venv/lib/python3.11/site-packages/dagster/_utils/__init__.py", line 463, in iterate_with_context
    next_output = next(iterator)
                  ^^^^^^^^^^^^^^
  File "/home/gbemike/Documents/github/nba_pipeline/nba_pipeline_dagster/nba_pipeline_dagster/assets.py", line 21, in nba_pipeline_dbt_assets
    yield from dbt.cli(["build"], context=context).stream()
  File "/home/gbemike/Documents/github/nba_pipeline/.venv/lib/python3.11/site-packages/dagster_dbt/core/resources_v2.py", line 452, in stream
    for event in self.stream_raw_events():
  File "/home/gbemike/Documents/github/nba_pipeline/.venv/lib/python3.11/site-packages/dagster_dbt/core/resources_v2.py", line 515, in stream_raw_events
    self._raise_on_error()
  File "/home/gbemike/Documents/github/nba_pipeline/.venv/lib/python3.11/site-packages/dagster_dbt/core/resources_v2.py", line 601, in _raise_on_error
    raise DagsterDbtCliRuntimeError(
[0m
